<?xml version="1.0" encoding="UTF-8"?>
<!-- Generated by org.testng.reporters.JUnitReportReporter -->
<testsuite hostname="Yogesh-Laptop-01" failures="1" tests="10" name="com.qa.Google.tests.GoogleProductPageTest" time="96.413" errors="0" timestamp="2022-12-20T22:40:09 IST" skipped="0">
  <testcase classname="com.qa.Google.tests.GoogleProductPageTest" name="GoogleProductPageSetup" time="0.808"/>
  <system-out/>
  <testcase classname="com.qa.Google.tests.GoogleProductPageTest" name="allAppExist" time="1.864"/>
  <system-out/>
  <testcase classname="com.qa.Google.tests.GoogleProductPageTest" name="openAccountPage" time="12.926"/>
  <system-out/>
  <testcase classname="com.qa.Google.tests.GoogleProductPageTest" name="openSearchPage" time="4.899"/>
  <system-out/>
  <testcase classname="com.qa.Google.tests.GoogleProductPageTest" name="openMapPage" time="13.368"/>
  <system-out/>
  <testcase classname="com.qa.Google.tests.GoogleProductPageTest" name="openYouTubePage" time="22.755"/>
  <system-out/>
  <testcase classname="com.qa.Google.tests.GoogleProductPageTest" name="openPlayStorePage" time="11.507"/>
  <system-out/>
  <testcase classname="com.qa.Google.tests.GoogleProductPageTest" name="openNewsPage" time="8.422">
    <failure message="expected [Google News] but found []" type="java.lang.AssertionError">
      <![CDATA[java.lang.AssertionError: expected [Google News] but found []
at org.testng.Assert.fail(Assert.java:99)
at org.testng.Assert.failNotEquals(Assert.java:1037)
at org.testng.Assert.assertEqualsImpl(Assert.java:140)
at org.testng.Assert.assertEquals(Assert.java:122)
at org.testng.Assert.assertEquals(Assert.java:629)
at org.testng.Assert.assertEquals(Assert.java:639)
at com.qa.Google.tests.GoogleProductPageTest.openNewsPage(GoogleProductPageTest.java:59)
at java.base/jdk.internal.reflect.NativeMethodAccessorImpl.invoke0(Native Method)
at java.base/jdk.internal.reflect.NativeMethodAccessorImpl.invoke(NativeMethodAccessorImpl.java:64)
at java.base/jdk.internal.reflect.DelegatingMethodAccessorImpl.invoke(DelegatingMethodAccessorImpl.java:43)
at java.base/java.lang.reflect.Method.invoke(Method.java:564)
at org.testng.internal.MethodInvocationHelper.invokeMethod(MethodInvocationHelper.java:133)
at org.testng.internal.TestInvoker.invokeMethod(TestInvoker.java:598)
at org.testng.internal.TestInvoker.invokeTestMethod(TestInvoker.java:173)
at org.testng.internal.MethodRunner.runInSequence(MethodRunner.java:46)
at org.testng.internal.TestInvoker$MethodInvocationAgent.invoke(TestInvoker.java:824)
at org.testng.internal.TestInvoker.invokeTestMethods(TestInvoker.java:146)
at org.testng.internal.TestMethodWorker.invokeTestMethods(TestMethodWorker.java:146)
at org.testng.internal.TestMethodWorker.run(TestMethodWorker.java:128)
at java.base/java.util.ArrayList.forEach(ArrayList.java:1511)
at org.testng.TestRunner.privateRun(TestRunner.java:794)
at org.testng.TestRunner.run(TestRunner.java:596)
at org.testng.SuiteRunner.runTest(SuiteRunner.java:377)
at org.testng.SuiteRunner.runSequentially(SuiteRunner.java:371)
at org.testng.SuiteRunner.privateRun(SuiteRunner.java:332)
at org.testng.SuiteRunner.run(SuiteRunner.java:276)
at org.testng.SuiteRunnerWorker.runSuite(SuiteRunnerWorker.java:53)
at org.testng.SuiteRunnerWorker.run(SuiteRunnerWorker.java:96)
at org.testng.TestNG.runSuitesSequentially(TestNG.java:1212)
at org.testng.TestNG.runSuitesLocally(TestNG.java:1134)
at org.testng.TestNG.runSuites(TestNG.java:1063)
at org.testng.TestNG.run(TestNG.java:1031)
at org.testng.remote.AbstractRemoteTestNG.run(AbstractRemoteTestNG.java:115)
at org.testng.remote.RemoteTestNG.initAndRun(RemoteTestNG.java:251)
at org.testng.remote.RemoteTestNG.main(RemoteTestNG.java:77)
]]>
    </failure>
  </testcase> <!-- openNewsPage -->
  <system-out/>
  <testcase classname="com.qa.Google.tests.GoogleProductPageTest" name="openGmailPage" time="11.681"/>
  <system-out/>
  <testcase classname="com.qa.Google.tests.GoogleProductPageTest" name="openMeetPage" time="8.183"/>
  <system-out/>
</testsuite> <!-- com.qa.Google.tests.GoogleProductPageTest -->
